2017-07-23 18:09:52 - MOD: Modification Default
FILE: system/engine/action.php
REGEX: ~(require|include)(_once)?\(([^)]+)~
LINE: 58
FILE: system/engine/loader.php
REGEX: ~(require|include)(_once)?\(([^)]+)~
LINE: 20
LINE: 37
LINE: 54
LINE: 65
FILE: system/library/config.php
REGEX: ~(require|include)(_once)?\(([^)]+)~
LINE: 23
FILE: system/library/language.php
REGEX: ~(require|include)(_once)?\(([^)]+)~
LINE: 21
LINE: 27
----------------------------------------------------------------
MOD: Auto Related Products by Category
FILE: admin/model/catalog/product.php
CODE: public function addProduct($data) {
LINE: 2
CODE: sort_order = '" . (int)$data['sort_order'] . "'
LINE: 9
LINE: 134
FILE: admin/controller/catalog/product.php
CODE: $this->load->model('catalog/category');
LINE: 1030
CODE: $this->model_catalog_product->addProduct
LINE: 29
CODE: $this->model_catalog_product->editProduct
LINE: 81
FILE: admin/view/template/catalog/product_form.tpl
CODE: <div class="tab-pane" id="tab-attribute">
LINE: 442
CODE: $('input[name=\'related\']').autocomplete({
LINE: 1058
FILE: admin/controller/setting/setting.php
CODE: public function index() {
LINE: 4
CODE: if (isset($this->request->post['config_product_count'])) {
LINE: 698
FILE: admin/view/template/setting/setting.tpl
CODE: <li><a href="#tab-server"
LINE: 42
CODE: <div class="tab-pane" id="tab-server">
LINE: 1370
FILE: catalog/model/catalog/product.php
CODE: public function getProduct($product_id) {
LINE: 6
FILE: catalog/controller/product/product.php
CODE: $results = $this->model_catalog_product->getProductRelated
LINE: 398
----------------------------------------------------------------
MOD: Auto Switch Customer Group
FILE: catalog/controller/checkout/success.php
CODE: $data['button_continue'] = $this->language->get('button_continue');
LINE: 94
FILE: admin/view/template/sale/customer_group_form.tpl
CODE: </form>
LINE: 148
FILE: admin/view/template/sale/customer_group_list.tpl
CODE: <td class="text-left"><?php echo $customer_group['name']; ?></td>
LINE: 59
FILE: admin/controller/sale/customer_group.php
CODE: $this->load->language('sale/customer_group');
LINE: 8
LINE: 21
LINE: 56
LINE: 91
CODE: protected function getForm() {
LINE: 290
CODE: $this->response->setOutput($this->load->view('sale/customer_group_form.tpl', $data));
LINE: 446
CODE: $data['customer_groups'][] = array(
LINE: 197
CODE: $data['customer_groups'][] = array(
LINE: 204
FILE: admin/model/sale/customer_group.php
CODE: sort_order = '" . (int)$data['sort_order'] . "'
LINE: 3
LINE: 13
CODE: class ModelSaleCustomerGroup extends Model {
LINE: 13
CODE: $this->getList();
LINE: 17
LINE: 127
CODE: class ModelSaleCustomerGroup extends Model {
LINE: 23
----------------------------------------------------------------
MOD: Brainy Filter
FILE: catalog/controller/product/category.php
CODE: $this->model_catalog_product->getProducts($filter_data)
LINE: 181
CODE: = $this->model_catalog_product->getTotalProducts($filter_data)
LINE: 179
FILE: catalog/controller/product/compare.php
CODE: $this->model_catalog_product->getProducts($filter_data)
NOT FOUND!
CODE: = $this->model_catalog_product->getTotalProducts($filter_data)
NOT FOUND!
FILE: catalog/controller/product/manufacturer.php
CODE: $this->model_catalog_product->getProducts($filter_data)
LINE: 182
CODE: = $this->model_catalog_product->getTotalProducts($filter_data)
LINE: 180
CODE: $this->model_catalog_product->getProducts($filter_data)
NOT FOUND!
CODE: = $this->model_catalog_product->getTotalProducts($filter_data)
NOT FOUND!
FILE: catalog/controller/product/search.php
CODE: $this->model_catalog_product->getProducts($filter_data)
LINE: 214
CODE: = $this->model_catalog_product->getTotalProducts($filter_data)
LINE: 212
FILE: catalog/controller/product/special.php
CODE: $this->model_catalog_product->getProducts($filter_data)
NOT FOUND!
CODE: = $this->model_catalog_product->getTotalProducts($filter_data)
NOT FOUND!
CODE: $category_info = $this->model_catalog_category->getCategory($category_id);
LINE: 112
CODE: $results = $this->model_catalog_category->getCategories($category_id);
LINE: 176
REGEX: /\'product\/category\', \'path\=\' \. \$this\-\>request\-\>get\[\'path\'\]/
LINE: 119
LINE: 145
LINE: 195
LINE: 276
LINE: 282
LINE: 288
LINE: 294
LINE: 300
LINE: 307
LINE: 313
LINE: 320
LINE: 326
LINE: 353
LINE: 379
CODE: if ($page == 1) {
NOT FOUND!
CODE: if ($limit && ceil($product_total / $limit) > $page) {
NOT FOUND!
CODE: if (isset($this->request->get['search']) || isset($this->request->get['tag'])) {
LINE: 198
CODE: public function getProducts($data = array()) {
LINE: 79
CODE: public function getTotalProducts($data = array()) {
LINE: 455
----------------------------------------------------------------
MOD: Brainy Filter
CODE: $this->model_catalog_product->getProducts($filter_data)
LINE: 214
CODE: = $this->model_catalog_product->getTotalProducts($filter_data)
LINE: 211
CODE: $this->model_catalog_product->getProducts($filter_data)
NOT FOUND!
CODE: = $this->model_catalog_product->getTotalProducts($filter_data)
NOT FOUND!
CODE: $this->model_catalog_product->getProducts($filter_data)
LINE: 184
CODE: = $this->model_catalog_product->getTotalProducts($filter_data)
LINE: 181
CODE: $this->model_catalog_product->getProducts($filter_data)
NOT FOUND!
CODE: = $this->model_catalog_product->getTotalProducts($filter_data)
NOT FOUND!
CODE: $this->model_catalog_product->getProducts($filter_data)
LINE: 221
CODE: = $this->model_catalog_product->getTotalProducts($filter_data)
LINE: 218
CODE: $this->model_catalog_product->getProducts($filter_data)
NOT FOUND!
CODE: = $this->model_catalog_product->getTotalProducts($filter_data)
NOT FOUND!
CODE: $category_info = $this->model_catalog_category->getCategory($category_id);
LINE: 112
CODE: $results = $this->model_catalog_category->getCategories($category_id);
LINE: 202
NOT FOUND!
CODE: if ($page == 1) {
NOT FOUND!
CODE: if ($limit && ceil($product_total / $limit) > $page) {
NOT FOUND!
CODE: if (isset($this->request->get['search']) || isset($this->request->get['tag'])) {
NOT FOUND!
CODE: public function getProducts($data = array()) {
NOT FOUND!
CODE: public function getTotalProducts($data = array()) {
NOT FOUND!
----------------------------------------------------------------
MOD: CSV Price Pro import/export 4 - Admin Menu
FILE: admin/controller/common/menu.php
CODE: $this->load->language('common/menu');
LINE: 46
FILE: admin/view/template/common/menu.tpl
CODE: <li><a href="<?php echo $feed; ?>"><?php echo $text_feed; ?></a></li>
LINE: 44
----------------------------------------------------------------
MOD: d_shopunity
FILE: admin/controller/common/header.php
CODE: public function index() {
LINE: 7
FILE: admin/view/template/common/header.tpl
CODE: <li class="dropdown"><a class="dropdown-toggle" data-toggle="dropdown"><span class="label label-danger pull-left"><?php echo $alerts; ?></span> <i class="fa fa-bell fa-lg"></i></a>
LINE: 47
CODE: <li class="dropdown"><a class="dropdown-toggle" data-toggle="dropdown"><?php if($alerts > 0) { ?><span class="label label-danger pull-left"><?php echo $alerts; ?></span><?php } ?> <i class="fa fa-bell fa-lg"></i></a>
NOT FOUND!
FILE: admin/model/localisation/language.php
CODE: $this->db->query("DELETE FROM " . DB_PREFIX . "banner_image_description WHERE language_id = '" . (int)$language_id . "'");
LINE: 212
----------------------------------------------------------------
MOD: Local copy OCMOD by iSenseLabs
FILE: admin/controller/extension/installer.php
CODE: 'url'  => str_replace('&amp;', '&', $this->url->link('extension/installer/ftp', 'token=' . $this->session->data['token'],
LINE: 132
CODE: public function unzip() {
LINE: 293
----------------------------------------------------------------
MOD: Total customer group discount v.2 Opencart 2.x
CODE: public function getTotalProductSpecials() {
LINE: 590
----------------------------------------------------------------
